2014-06-15 15:52:57,726 - ClasspathResourceLoader : initialization complete.
2014-06-15 15:52:57,728 - ResourceCache : initialized. (class org.apache.velocity.runtime.resource.ResourceCacheImpl)
2014-06-15 15:52:57,728 - Default ResourceManager initialization complete.
2014-06-15 15:52:57,729 - Loaded System Directive: org.apache.velocity.runtime.directive.Literal
2014-06-15 15:52:57,731 - Loaded System Directive: org.apache.velocity.runtime.directive.Macro
2014-06-15 15:52:57,733 - Loaded System Directive: org.apache.velocity.runtime.directive.Parse
2014-06-15 15:52:57,734 - Loaded System Directive: org.apache.velocity.runtime.directive.Include
2014-06-15 15:52:57,735 - Loaded System Directive: org.apache.velocity.runtime.directive.Foreach
2014-06-15 15:52:57,758 - Created: 20 parsers.
2014-06-15 15:52:57,765 - Velocimacro : initialization starting.
2014-06-15 15:52:57,765 - Velocimacro : adding VMs from VM library template : VM_global_library.vm
2014-06-15 15:52:57,774 - ResourceManager : unable to find resource 'VM_global_library.vm' in any resource loader.
2014-06-15 15:52:57,774 - Velocimacro : error using  VM library template VM_global_library.vm : org.apache.velocity.exception.ResourceNotFoundException: Unable to find resource 'VM_global_library.vm'
2014-06-15 15:52:57,774 - Velocimacro :  VM library template macro registration complete.
2014-06-15 15:52:57,774 - Velocimacro : allowInline = true : VMs can be defined inline in templates
2014-06-15 15:52:57,774 - Velocimacro : allowInlineToOverride = false : VMs defined inline may NOT replace previous VM definitions
2014-06-15 15:52:57,774 - Velocimacro : allowInlineLocal = false : VMs defined inline will be  global in scope if allowed.
2014-06-15 15:52:57,775 - Velocimacro : messages on  : VM system will output logging messages
2014-06-15 15:52:57,775 - Velocimacro : autoload off  : VM system will not automatically reload global library macros
2014-06-15 15:52:57,775 - Velocimacro : initialization complete.
2014-06-15 15:52:57,775 - Velocity successfully started.
2014-06-15 15:53:45,811 - SimpleLog4JLogSystem initialized using logfile 'velocity.log'
2014-06-15 15:53:45,811 - ************************************************************** 
2014-06-15 15:53:45,811 - Starting Jakarta Velocity v1.4
2014-06-15 15:53:45,811 - RuntimeInstance initializing.
2014-06-15 15:53:45,811 - Default Properties File: org/apache/velocity/runtime/defaults/velocity.properties
2014-06-15 15:53:45,811 - Trying to use logger class org.apache.velocity.runtime.log.SimpleLog4JLogSystem
2014-06-15 15:53:45,811 - Using logger class org.apache.velocity.runtime.log.SimpleLog4JLogSystem
2014-06-15 15:53:45,816 - Default ResourceManager initializing. (class org.apache.velocity.runtime.resource.ResourceManagerImpl)
2014-06-15 15:53:45,821 - Resource Loader Instantiated: org.apache.velocity.runtime.resource.loader.ClasspathResourceLoader
2014-06-15 15:53:45,822 - ClasspathResourceLoader : initialization starting.
2014-06-15 15:53:45,822 - ClasspathResourceLoader : initialization complete.
2014-06-15 15:53:45,824 - ResourceCache : initialized. (class org.apache.velocity.runtime.resource.ResourceCacheImpl)
2014-06-15 15:53:45,824 - Default ResourceManager initialization complete.
2014-06-15 15:53:45,828 - Loaded System Directive: org.apache.velocity.runtime.directive.Literal
2014-06-15 15:53:45,832 - Loaded System Directive: org.apache.velocity.runtime.directive.Macro
2014-06-15 15:53:45,836 - Loaded System Directive: org.apache.velocity.runtime.directive.Parse
2014-06-15 15:53:45,839 - Loaded System Directive: org.apache.velocity.runtime.directive.Include
2014-06-15 15:53:45,840 - Loaded System Directive: org.apache.velocity.runtime.directive.Foreach
2014-06-15 15:53:45,874 - Created: 20 parsers.
2014-06-15 15:53:45,890 - Velocimacro : initialization starting.
2014-06-15 15:53:45,890 - Velocimacro : adding VMs from VM library template : VM_global_library.vm
2014-06-15 15:53:45,909 - ResourceManager : unable to find resource 'VM_global_library.vm' in any resource loader.
2014-06-15 15:53:45,910 - Velocimacro : error using  VM library template VM_global_library.vm : org.apache.velocity.exception.ResourceNotFoundException: Unable to find resource 'VM_global_library.vm'
2014-06-15 15:53:45,910 - Velocimacro :  VM library template macro registration complete.
2014-06-15 15:53:45,910 - Velocimacro : allowInline = true : VMs can be defined inline in templates
2014-06-15 15:53:45,910 - Velocimacro : allowInlineToOverride = false : VMs defined inline may NOT replace previous VM definitions
2014-06-15 15:53:45,910 - Velocimacro : allowInlineLocal = false : VMs defined inline will be  global in scope if allowed.
2014-06-15 15:53:45,910 - Velocimacro : messages on  : VM system will output logging messages
2014-06-15 15:53:45,910 - Velocimacro : autoload off  : VM system will not automatically reload global library macros
2014-06-15 15:53:45,910 - Velocimacro : initialization complete.
2014-06-15 15:53:45,910 - Velocity successfully started.
2014-06-15 16:00:31,967 - SimpleLog4JLogSystem initialized using logfile 'velocity.log'
2014-06-15 16:00:31,968 - ************************************************************** 
2014-06-15 16:00:31,968 - Starting Jakarta Velocity v1.4
2014-06-15 16:00:31,968 - RuntimeInstance initializing.
2014-06-15 16:00:31,968 - Default Properties File: org/apache/velocity/runtime/defaults/velocity.properties
2014-06-15 16:00:31,968 - Trying to use logger class org.apache.velocity.runtime.log.SimpleLog4JLogSystem
2014-06-15 16:00:31,968 - Using logger class org.apache.velocity.runtime.log.SimpleLog4JLogSystem
2014-06-15 16:00:31,972 - Default ResourceManager initializing. (class org.apache.velocity.runtime.resource.ResourceManagerImpl)
2014-06-15 16:00:31,975 - Resource Loader Instantiated: org.apache.velocity.runtime.resource.loader.ClasspathResourceLoader
2014-06-15 16:00:31,975 - ClasspathResourceLoader : initialization starting.
2014-06-15 16:00:31,975 - ClasspathResourceLoader : initialization complete.
2014-06-15 16:00:31,978 - ResourceCache : initialized. (class org.apache.velocity.runtime.resource.ResourceCacheImpl)
2014-06-15 16:00:31,978 - Default ResourceManager initialization complete.
2014-06-15 16:00:31,980 - Loaded System Directive: org.apache.velocity.runtime.directive.Literal
2014-06-15 16:00:31,982 - Loaded System Directive: org.apache.velocity.runtime.directive.Macro
2014-06-15 16:00:31,986 - Loaded System Directive: org.apache.velocity.runtime.directive.Parse
2014-06-15 16:00:31,988 - Loaded System Directive: org.apache.velocity.runtime.directive.Include
2014-06-15 16:00:31,990 - Loaded System Directive: org.apache.velocity.runtime.directive.Foreach
2014-06-15 16:00:32,019 - Created: 20 parsers.
2014-06-15 16:00:32,036 - Velocimacro : initialization starting.
2014-06-15 16:00:32,036 - Velocimacro : adding VMs from VM library template : VM_global_library.vm
2014-06-15 16:00:32,045 - ResourceManager : unable to find resource 'VM_global_library.vm' in any resource loader.
2014-06-15 16:00:32,045 - Velocimacro : error using  VM library template VM_global_library.vm : org.apache.velocity.exception.ResourceNotFoundException: Unable to find resource 'VM_global_library.vm'
2014-06-15 16:00:32,045 - Velocimacro :  VM library template macro registration complete.
2014-06-15 16:00:32,045 - Velocimacro : allowInline = true : VMs can be defined inline in templates
2014-06-15 16:00:32,045 - Velocimacro : allowInlineToOverride = false : VMs defined inline may NOT replace previous VM definitions
2014-06-15 16:00:32,046 - Velocimacro : allowInlineLocal = false : VMs defined inline will be  global in scope if allowed.
2014-06-15 16:00:32,046 - Velocimacro : messages on  : VM system will output logging messages
2014-06-15 16:00:32,046 - Velocimacro : autoload off  : VM system will not automatically reload global library macros
2014-06-15 16:00:32,046 - Velocimacro : initialization complete.
2014-06-15 16:00:32,046 - Velocity successfully started.
2014-06-15 16:04:06,882 - SimpleLog4JLogSystem initialized using logfile 'velocity.log'
2014-06-15 16:04:06,882 - ************************************************************** 
2014-06-15 16:04:06,882 - Starting Jakarta Velocity v1.4
2014-06-15 16:04:06,882 - RuntimeInstance initializing.
2014-06-15 16:04:06,882 - Default Properties File: org/apache/velocity/runtime/defaults/velocity.properties
2014-06-15 16:04:06,883 - Trying to use logger class org.apache.velocity.runtime.log.SimpleLog4JLogSystem
2014-06-15 16:04:06,883 - Using logger class org.apache.velocity.runtime.log.SimpleLog4JLogSystem
2014-06-15 16:04:06,885 - Default ResourceManager initializing. (class org.apache.velocity.runtime.resource.ResourceManagerImpl)
2014-06-15 16:04:06,887 - Resource Loader Instantiated: org.apache.velocity.runtime.resource.loader.ClasspathResourceLoader
2014-06-15 16:04:06,887 - ClasspathResourceLoader : initialization starting.
2014-06-15 16:04:06,887 - ClasspathResourceLoader : initialization complete.
2014-06-15 16:04:06,888 - ResourceCache : initialized. (class org.apache.velocity.runtime.resource.ResourceCacheImpl)
2014-06-15 16:04:06,888 - Default ResourceManager initialization complete.
2014-06-15 16:04:06,889 - Loaded System Directive: org.apache.velocity.runtime.directive.Literal
2014-06-15 16:04:06,890 - Loaded System Directive: org.apache.velocity.runtime.directive.Macro
2014-06-15 16:04:06,892 - Loaded System Directive: org.apache.velocity.runtime.directive.Parse
2014-06-15 16:04:06,893 - Loaded System Directive: org.apache.velocity.runtime.directive.Include
2014-06-15 16:04:06,894 - Loaded System Directive: org.apache.velocity.runtime.directive.Foreach
2014-06-15 16:04:06,917 - Created: 20 parsers.
2014-06-15 16:04:06,924 - Velocimacro : initialization starting.
2014-06-15 16:04:06,924 - Velocimacro : adding VMs from VM library template : VM_global_library.vm
2014-06-15 16:04:06,928 - ResourceManager : unable to find resource 'VM_global_library.vm' in any resource loader.
2014-06-15 16:04:06,928 - Velocimacro : error using  VM library template VM_global_library.vm : org.apache.velocity.exception.ResourceNotFoundException: Unable to find resource 'VM_global_library.vm'
2014-06-15 16:04:06,928 - Velocimacro :  VM library template macro registration complete.
2014-06-15 16:04:06,928 - Velocimacro : allowInline = true : VMs can be defined inline in templates
2014-06-15 16:04:06,928 - Velocimacro : allowInlineToOverride = false : VMs defined inline may NOT replace previous VM definitions
2014-06-15 16:04:06,928 - Velocimacro : allowInlineLocal = false : VMs defined inline will be  global in scope if allowed.
2014-06-15 16:04:06,928 - Velocimacro : messages on  : VM system will output logging messages
2014-06-15 16:04:06,928 - Velocimacro : autoload off  : VM system will not automatically reload global library macros
2014-06-15 16:04:06,928 - Velocimacro : initialization complete.
2014-06-15 16:04:06,928 - Velocity successfully started.
2014-06-15 16:13:56,712 - SimpleLog4JLogSystem initialized using logfile 'velocity.log'
2014-06-15 16:13:56,713 - ************************************************************** 
2014-06-15 16:13:56,713 - Starting Jakarta Velocity v1.4
2014-06-15 16:13:56,713 - RuntimeInstance initializing.
2014-06-15 16:13:56,713 - Default Properties File: org/apache/velocity/runtime/defaults/velocity.properties
2014-06-15 16:13:56,713 - Trying to use logger class org.apache.velocity.runtime.log.SimpleLog4JLogSystem
2014-06-15 16:13:56,713 - Using logger class org.apache.velocity.runtime.log.SimpleLog4JLogSystem
2014-06-15 16:13:56,715 - Default ResourceManager initializing. (class org.apache.velocity.runtime.resource.ResourceManagerImpl)
2014-06-15 16:13:56,718 - Resource Loader Instantiated: org.apache.velocity.runtime.resource.loader.ClasspathResourceLoader
2014-06-15 16:13:56,718 - ClasspathResourceLoader : initialization starting.
2014-06-15 16:13:56,718 - ClasspathResourceLoader : initialization complete.
2014-06-15 16:13:56,719 - ResourceCache : initialized. (class org.apache.velocity.runtime.resource.ResourceCacheImpl)
2014-06-15 16:13:56,719 - Default ResourceManager initialization complete.
2014-06-15 16:13:56,721 - Loaded System Directive: org.apache.velocity.runtime.directive.Literal
2014-06-15 16:13:56,722 - Loaded System Directive: org.apache.velocity.runtime.directive.Macro
2014-06-15 16:13:56,724 - Loaded System Directive: org.apache.velocity.runtime.directive.Parse
2014-06-15 16:13:56,725 - Loaded System Directive: org.apache.velocity.runtime.directive.Include
2014-06-15 16:13:56,726 - Loaded System Directive: org.apache.velocity.runtime.directive.Foreach
2014-06-15 16:13:56,753 - Created: 20 parsers.
2014-06-15 16:13:56,761 - Velocimacro : initialization starting.
2014-06-15 16:13:56,761 - Velocimacro : adding VMs from VM library template : VM_global_library.vm
2014-06-15 16:13:56,766 - ResourceManager : unable to find resource 'VM_global_library.vm' in any resource loader.
2014-06-15 16:13:56,766 - Velocimacro : error using  VM library template VM_global_library.vm : org.apache.velocity.exception.ResourceNotFoundException: Unable to find resource 'VM_global_library.vm'
2014-06-15 16:13:56,766 - Velocimacro :  VM library template macro registration complete.
2014-06-15 16:13:56,766 - Velocimacro : allowInline = true : VMs can be defined inline in templates
2014-06-15 16:13:56,766 - Velocimacro : allowInlineToOverride = false : VMs defined inline may NOT replace previous VM definitions
2014-06-15 16:13:56,766 - Velocimacro : allowInlineLocal = false : VMs defined inline will be  global in scope if allowed.
2014-06-15 16:13:56,766 - Velocimacro : messages on  : VM system will output logging messages
2014-06-15 16:13:56,766 - Velocimacro : autoload off  : VM system will not automatically reload global library macros
2014-06-15 16:13:56,766 - Velocimacro : initialization complete.
2014-06-15 16:13:56,766 - Velocity successfully started.
2014-06-15 16:14:56,017 - SimpleLog4JLogSystem initialized using logfile 'velocity.log'
2014-06-15 16:14:56,017 - ************************************************************** 
2014-06-15 16:14:56,017 - Starting Jakarta Velocity v1.4
2014-06-15 16:14:56,017 - RuntimeInstance initializing.
2014-06-15 16:14:56,017 - Default Properties File: org/apache/velocity/runtime/defaults/velocity.properties
2014-06-15 16:14:56,017 - Trying to use logger class org.apache.velocity.runtime.log.SimpleLog4JLogSystem
2014-06-15 16:14:56,017 - Using logger class org.apache.velocity.runtime.log.SimpleLog4JLogSystem
2014-06-15 16:14:56,019 - Default ResourceManager initializing. (class org.apache.velocity.runtime.resource.ResourceManagerImpl)
2014-06-15 16:14:56,021 - Resource Loader Instantiated: org.apache.velocity.runtime.resource.loader.ClasspathResourceLoader
2014-06-15 16:14:56,021 - ClasspathResourceLoader : initialization starting.
2014-06-15 16:14:56,022 - ClasspathResourceLoader : initialization complete.
2014-06-15 16:14:56,023 - ResourceCache : initialized. (class org.apache.velocity.runtime.resource.ResourceCacheImpl)
2014-06-15 16:14:56,023 - Default ResourceManager initialization complete.
2014-06-15 16:14:56,024 - Loaded System Directive: org.apache.velocity.runtime.directive.Literal
2014-06-15 16:14:56,025 - Loaded System Directive: org.apache.velocity.runtime.directive.Macro
2014-06-15 16:14:56,027 - Loaded System Directive: org.apache.velocity.runtime.directive.Parse
2014-06-15 16:14:56,028 - Loaded System Directive: org.apache.velocity.runtime.directive.Include
2014-06-15 16:14:56,029 - Loaded System Directive: org.apache.velocity.runtime.directive.Foreach
2014-06-15 16:14:56,050 - Created: 20 parsers.
2014-06-15 16:14:56,056 - Velocimacro : initialization starting.
2014-06-15 16:14:56,056 - Velocimacro : adding VMs from VM library template : VM_global_library.vm
2014-06-15 16:14:56,060 - ResourceManager : unable to find resource 'VM_global_library.vm' in any resource loader.
2014-06-15 16:14:56,060 - Velocimacro : error using  VM library template VM_global_library.vm : org.apache.velocity.exception.ResourceNotFoundException: Unable to find resource 'VM_global_library.vm'
2014-06-15 16:14:56,060 - Velocimacro :  VM library template macro registration complete.
2014-06-15 16:14:56,060 - Velocimacro : allowInline = true : VMs can be defined inline in templates
2014-06-15 16:14:56,060 - Velocimacro : allowInlineToOverride = false : VMs defined inline may NOT replace previous VM definitions
2014-06-15 16:14:56,060 - Velocimacro : allowInlineLocal = false : VMs defined inline will be  global in scope if allowed.
2014-06-15 16:14:56,060 - Velocimacro : messages on  : VM system will output logging messages
2014-06-15 16:14:56,060 - Velocimacro : autoload off  : VM system will not automatically reload global library macros
2014-06-15 16:14:56,060 - Velocimacro : initialization complete.
2014-06-15 16:14:56,060 - Velocity successfully started.
2014-06-15 16:22:32,084 - SimpleLog4JLogSystem initialized using logfile 'velocity.log'
2014-06-15 16:22:32,085 - ************************************************************** 
2014-06-15 16:22:32,085 - Starting Jakarta Velocity v1.4
2014-06-15 16:22:32,085 - RuntimeInstance initializing.
2014-06-15 16:22:32,085 - Default Properties File: org/apache/velocity/runtime/defaults/velocity.properties
2014-06-15 16:22:32,085 - Trying to use logger class org.apache.velocity.runtime.log.SimpleLog4JLogSystem
2014-06-15 16:22:32,085 - Using logger class org.apache.velocity.runtime.log.SimpleLog4JLogSystem
2014-06-15 16:22:32,087 - Default ResourceManager initializing. (class org.apache.velocity.runtime.resource.ResourceManagerImpl)
2014-06-15 16:22:32,089 - Resource Loader Instantiated: org.apache.velocity.runtime.resource.loader.ClasspathResourceLoader
2014-06-15 16:22:32,089 - ClasspathResourceLoader : initialization starting.
2014-06-15 16:22:32,089 - ClasspathResourceLoader : initialization complete.
2014-06-15 16:22:32,090 - ResourceCache : initialized. (class org.apache.velocity.runtime.resource.ResourceCacheImpl)
2014-06-15 16:22:32,090 - Default ResourceManager initialization complete.
2014-06-15 16:22:32,091 - Loaded System Directive: org.apache.velocity.runtime.directive.Literal
2014-06-15 16:22:32,093 - Loaded System Directive: org.apache.velocity.runtime.directive.Macro
2014-06-15 16:22:32,095 - Loaded System Directive: org.apache.velocity.runtime.directive.Parse
2014-06-15 16:22:32,096 - Loaded System Directive: org.apache.velocity.runtime.directive.Include
2014-06-15 16:22:32,097 - Loaded System Directive: org.apache.velocity.runtime.directive.Foreach
2014-06-15 16:22:32,118 - Created: 20 parsers.
2014-06-15 16:22:32,124 - Velocimacro : initialization starting.
2014-06-15 16:22:32,124 - Velocimacro : adding VMs from VM library template : VM_global_library.vm
2014-06-15 16:22:32,128 - ResourceManager : unable to find resource 'VM_global_library.vm' in any resource loader.
2014-06-15 16:22:32,128 - Velocimacro : error using  VM library template VM_global_library.vm : org.apache.velocity.exception.ResourceNotFoundException: Unable to find resource 'VM_global_library.vm'
2014-06-15 16:22:32,128 - Velocimacro :  VM library template macro registration complete.
2014-06-15 16:22:32,128 - Velocimacro : allowInline = true : VMs can be defined inline in templates
2014-06-15 16:22:32,128 - Velocimacro : allowInlineToOverride = false : VMs defined inline may NOT replace previous VM definitions
2014-06-15 16:22:32,128 - Velocimacro : allowInlineLocal = false : VMs defined inline will be  global in scope if allowed.
2014-06-15 16:22:32,128 - Velocimacro : messages on  : VM system will output logging messages
2014-06-15 16:22:32,128 - Velocimacro : autoload off  : VM system will not automatically reload global library macros
2014-06-15 16:22:32,128 - Velocimacro : initialization complete.
2014-06-15 16:22:32,128 - Velocity successfully started.
2014-06-15 16:23:32,245 - SimpleLog4JLogSystem initialized using logfile 'velocity.log'
2014-06-15 16:23:32,245 - ************************************************************** 
2014-06-15 16:23:32,245 - Starting Jakarta Velocity v1.4
2014-06-15 16:23:32,245 - RuntimeInstance initializing.
2014-06-15 16:23:32,245 - Default Properties File: org/apache/velocity/runtime/defaults/velocity.properties
2014-06-15 16:23:32,245 - Trying to use logger class org.apache.velocity.runtime.log.SimpleLog4JLogSystem
2014-06-15 16:23:32,245 - Using logger class org.apache.velocity.runtime.log.SimpleLog4JLogSystem
2014-06-15 16:23:32,248 - Default ResourceManager initializing. (class org.apache.velocity.runtime.resource.ResourceManagerImpl)
2014-06-15 16:23:32,250 - Resource Loader Instantiated: org.apache.velocity.runtime.resource.loader.ClasspathResourceLoader
2014-06-15 16:23:32,250 - ClasspathResourceLoader : initialization starting.
2014-06-15 16:23:32,250 - ClasspathResourceLoader : initialization complete.
2014-06-15 16:23:32,251 - ResourceCache : initialized. (class org.apache.velocity.runtime.resource.ResourceCacheImpl)
2014-06-15 16:23:32,251 - Default ResourceManager initialization complete.
2014-06-15 16:23:32,253 - Loaded System Directive: org.apache.velocity.runtime.directive.Literal
2014-06-15 16:23:32,254 - Loaded System Directive: org.apache.velocity.runtime.directive.Macro
2014-06-15 16:23:32,256 - Loaded System Directive: org.apache.velocity.runtime.directive.Parse
2014-06-15 16:23:32,259 - Loaded System Directive: org.apache.velocity.runtime.directive.Include
2014-06-15 16:23:32,260 - Loaded System Directive: org.apache.velocity.runtime.directive.Foreach
2014-06-15 16:23:32,283 - Created: 20 parsers.
2014-06-15 16:23:32,289 - Velocimacro : initialization starting.
2014-06-15 16:23:32,289 - Velocimacro : adding VMs from VM library template : VM_global_library.vm
2014-06-15 16:23:32,293 - ResourceManager : unable to find resource 'VM_global_library.vm' in any resource loader.
2014-06-15 16:23:32,293 - Velocimacro : error using  VM library template VM_global_library.vm : org.apache.velocity.exception.ResourceNotFoundException: Unable to find resource 'VM_global_library.vm'
2014-06-15 16:23:32,293 - Velocimacro :  VM library template macro registration complete.
2014-06-15 16:23:32,293 - Velocimacro : allowInline = true : VMs can be defined inline in templates
2014-06-15 16:23:32,293 - Velocimacro : allowInlineToOverride = false : VMs defined inline may NOT replace previous VM definitions
2014-06-15 16:23:32,293 - Velocimacro : allowInlineLocal = false : VMs defined inline will be  global in scope if allowed.
2014-06-15 16:23:32,293 - Velocimacro : messages on  : VM system will output logging messages
2014-06-15 16:23:32,293 - Velocimacro : autoload off  : VM system will not automatically reload global library macros
2014-06-15 16:23:32,293 - Velocimacro : initialization complete.
2014-06-15 16:23:32,293 - Velocity successfully started.
2014-06-15 16:28:28,126 - SimpleLog4JLogSystem initialized using logfile 'velocity.log'
2014-06-15 16:28:28,127 - ************************************************************** 
2014-06-15 16:28:28,127 - Starting Jakarta Velocity v1.4
2014-06-15 16:28:28,127 - RuntimeInstance initializing.
2014-06-15 16:28:28,127 - Default Properties File: org/apache/velocity/runtime/defaults/velocity.properties
2014-06-15 16:28:28,127 - Trying to use logger class org.apache.velocity.runtime.log.SimpleLog4JLogSystem
2014-06-15 16:28:28,127 - Using logger class org.apache.velocity.runtime.log.SimpleLog4JLogSystem
2014-06-15 16:28:28,129 - Default ResourceManager initializing. (class org.apache.velocity.runtime.resource.ResourceManagerImpl)
2014-06-15 16:28:28,131 - Resource Loader Instantiated: org.apache.velocity.runtime.resource.loader.ClasspathResourceLoader
2014-06-15 16:28:28,131 - ClasspathResourceLoader : initialization starting.
2014-06-15 16:28:28,131 - ClasspathResourceLoader : initialization complete.
2014-06-15 16:28:28,132 - ResourceCache : initialized. (class org.apache.velocity.runtime.resource.ResourceCacheImpl)
2014-06-15 16:28:28,132 - Default ResourceManager initialization complete.
2014-06-15 16:28:28,133 - Loaded System Directive: org.apache.velocity.runtime.directive.Literal
2014-06-15 16:28:28,135 - Loaded System Directive: org.apache.velocity.runtime.directive.Macro
2014-06-15 16:28:28,137 - Loaded System Directive: org.apache.velocity.runtime.directive.Parse
2014-06-15 16:28:28,138 - Loaded System Directive: org.apache.velocity.runtime.directive.Include
2014-06-15 16:28:28,139 - Loaded System Directive: org.apache.velocity.runtime.directive.Foreach
2014-06-15 16:28:28,160 - Created: 20 parsers.
2014-06-15 16:28:28,165 - Velocimacro : initialization starting.
2014-06-15 16:28:28,166 - Velocimacro : adding VMs from VM library template : VM_global_library.vm
2014-06-15 16:28:28,169 - ResourceManager : unable to find resource 'VM_global_library.vm' in any resource loader.
2014-06-15 16:28:28,169 - Velocimacro : error using  VM library template VM_global_library.vm : org.apache.velocity.exception.ResourceNotFoundException: Unable to find resource 'VM_global_library.vm'
2014-06-15 16:28:28,169 - Velocimacro :  VM library template macro registration complete.
2014-06-15 16:28:28,169 - Velocimacro : allowInline = true : VMs can be defined inline in templates
2014-06-15 16:28:28,169 - Velocimacro : allowInlineToOverride = false : VMs defined inline may NOT replace previous VM definitions
2014-06-15 16:28:28,169 - Velocimacro : allowInlineLocal = false : VMs defined inline will be  global in scope if allowed.
2014-06-15 16:28:28,169 - Velocimacro : messages on  : VM system will output logging messages
2014-06-15 16:28:28,169 - Velocimacro : autoload off  : VM system will not automatically reload global library macros
2014-06-15 16:28:28,169 - Velocimacro : initialization complete.
2014-06-15 16:28:28,169 - Velocity successfully started.
2014-06-15 16:39:45,515 - SimpleLog4JLogSystem initialized using logfile 'velocity.log'
2014-06-15 16:39:45,515 - ************************************************************** 
2014-06-15 16:39:45,515 - Starting Jakarta Velocity v1.4
2014-06-15 16:39:45,515 - RuntimeInstance initializing.
2014-06-15 16:39:45,515 - Default Properties File: org/apache/velocity/runtime/defaults/velocity.properties
2014-06-15 16:39:45,515 - Trying to use logger class org.apache.velocity.runtime.log.SimpleLog4JLogSystem
2014-06-15 16:39:45,515 - Using logger class org.apache.velocity.runtime.log.SimpleLog4JLogSystem
2014-06-15 16:39:45,518 - Default ResourceManager initializing. (class org.apache.velocity.runtime.resource.ResourceManagerImpl)
2014-06-15 16:39:45,520 - Resource Loader Instantiated: org.apache.velocity.runtime.resource.loader.ClasspathResourceLoader
2014-06-15 16:39:45,520 - ClasspathResourceLoader : initialization starting.
2014-06-15 16:39:45,520 - ClasspathResourceLoader : initialization complete.
2014-06-15 16:39:45,521 - ResourceCache : initialized. (class org.apache.velocity.runtime.resource.ResourceCacheImpl)
2014-06-15 16:39:45,521 - Default ResourceManager initialization complete.
2014-06-15 16:39:45,522 - Loaded System Directive: org.apache.velocity.runtime.directive.Literal
2014-06-15 16:39:45,523 - Loaded System Directive: org.apache.velocity.runtime.directive.Macro
2014-06-15 16:39:45,525 - Loaded System Directive: org.apache.velocity.runtime.directive.Parse
2014-06-15 16:39:45,527 - Loaded System Directive: org.apache.velocity.runtime.directive.Include
2014-06-15 16:39:45,527 - Loaded System Directive: org.apache.velocity.runtime.directive.Foreach
2014-06-15 16:39:45,549 - Created: 20 parsers.
2014-06-15 16:39:45,555 - Velocimacro : initialization starting.
2014-06-15 16:39:45,555 - Velocimacro : adding VMs from VM library template : VM_global_library.vm
2014-06-15 16:39:45,558 - ResourceManager : unable to find resource 'VM_global_library.vm' in any resource loader.
2014-06-15 16:39:45,558 - Velocimacro : error using  VM library template VM_global_library.vm : org.apache.velocity.exception.ResourceNotFoundException: Unable to find resource 'VM_global_library.vm'
2014-06-15 16:39:45,558 - Velocimacro :  VM library template macro registration complete.
2014-06-15 16:39:45,558 - Velocimacro : allowInline = true : VMs can be defined inline in templates
2014-06-15 16:39:45,558 - Velocimacro : allowInlineToOverride = false : VMs defined inline may NOT replace previous VM definitions
2014-06-15 16:39:45,558 - Velocimacro : allowInlineLocal = false : VMs defined inline will be  global in scope if allowed.
2014-06-15 16:39:45,558 - Velocimacro : messages on  : VM system will output logging messages
2014-06-15 16:39:45,559 - Velocimacro : autoload off  : VM system will not automatically reload global library macros
2014-06-15 16:39:45,559 - Velocimacro : initialization complete.
2014-06-15 16:39:45,559 - Velocity successfully started.
